<?xml version="1.0" encoding="UTF-8"?>
<!-- Generated by org.testng.reporters.JUnitReportReporter -->
<testsuite skipped="0" hostname="dangpc" name="Test1" tests="1" failures="0" timestamp="08 Mar 2020 17:10:41 GMT" time="0.008" errors="0">
  <testcase name="printL" time="0.008" classname="Test1"/>
</testsuite> <!-- Test1 -->
